  Source.cpp
E:\freeTime\Program\familyC\justC\C_Хафизова\laboratory-works\Лаба№14\Vurdalack\Vurdalack\Source.cpp(24,9): error C3861: FileReader: идентификатор не найден
E:\freeTime\Program\familyC\justC\C_Хафизова\laboratory-works\Лаба№14\Vurdalack\Vurdalack\Source.cpp(25,9): error C3861: ConsoleMenu: идентификатор не найден
E:\freeTime\Program\familyC\justC\C_Хафизова\laboratory-works\Лаба№14\Vurdalack\Vurdalack\Source.cpp(45,13): error C3861: Creation: идентификатор не найден
E:\freeTime\Program\familyC\justC\C_Хафизова\laboratory-works\Лаба№14\Vurdalack\Vurdalack\Source.cpp(34,1): error C4996: 'fopen': This function or variable may be unsafe. Consider using fopen_s instead. To disable deprecation, use _CRT_SECURE_NO_WARNINGS. See online help for details.
C:\Program Files (x86)\Windows Kits\10\Include\10.0.18362.0\ucrt\stdio.h(208): message : см. объявление "fopen"
E:\freeTime\Program\familyC\justC\C_Хафизова\laboratory-works\Лаба№14\Vurdalack\Vurdalack\Source.cpp(43,1): error C4996: 'fscanf': This function or variable may be unsafe. Consider using fscanf_s instead. To disable deprecation, use _CRT_SECURE_NO_WARNINGS. See online help for details.
C:\Program Files (x86)\Windows Kits\10\Include\10.0.18362.0\ucrt\stdio.h(1197): message : см. объявление "fscanf"
E:\freeTime\Program\familyC\justC\C_Хафизова\laboratory-works\Лаба№14\Vurdalack\Vurdalack\Source.cpp(70,13): error C3861: ConsolePrinter: идентификатор не найден
E:\freeTime\Program\familyC\justC\C_Хафизова\laboratory-works\Лаба№14\Vurdalack\Vurdalack\Source.cpp(74,13): error C3861: Delete: идентификатор не найден
E:\freeTime\Program\familyC\justC\C_Хафизова\laboratory-works\Лаба№14\Vurdalack\Vurdalack\Source.cpp(78,13): error C3861: ListSort: идентификатор не найден
E:\freeTime\Program\familyC\justC\C_Хафизова\laboratory-works\Лаба№14\Vurdalack\Vurdalack\Source.cpp(88,13): error C3861: Adding: идентификатор не найден
E:\freeTime\Program\familyC\justC\C_Хафизова\laboratory-works\Лаба№14\Vurdalack\Vurdalack\Source.cpp(67,1): error C4996: 'scanf': This function or variable may be unsafe. Consider using scanf_s instead. To disable deprecation, use _CRT_SECURE_NO_WARNINGS. See online help for details.
C:\Program Files (x86)\Windows Kits\10\Include\10.0.18362.0\ucrt\stdio.h(1274): message : см. объявление "scanf"
E:\freeTime\Program\familyC\justC\C_Хафизова\laboratory-works\Лаба№14\Vurdalack\Vurdalack\Source.cpp(84,1): error C4996: 'scanf': This function or variable may be unsafe. Consider using scanf_s instead. To disable deprecation, use _CRT_SECURE_NO_WARNINGS. See online help for details.
C:\Program Files (x86)\Windows Kits\10\Include\10.0.18362.0\ucrt\stdio.h(1274): message : см. объявление "scanf"
E:\freeTime\Program\familyC\justC\C_Хафизова\laboratory-works\Лаба№14\Vurdalack\Vurdalack\Source.cpp(103,1): error C4996: 'strcpy': This function or variable may be unsafe. Consider using strcpy_s instead. To disable deprecation, use _CRT_SECURE_NO_WARNINGS. See online help for details.
C:\Program Files (x86)\Windows Kits\10\Include\10.0.18362.0\ucrt\string.h(133): message : см. объявление "strcpy"
E:\freeTime\Program\familyC\justC\C_Хафизова\laboratory-works\Лаба№14\Vurdalack\Vurdalack\Source.cpp(104,1): error C4996: 'strcpy': This function or variable may be unsafe. Consider using strcpy_s instead. To disable deprecation, use _CRT_SECURE_NO_WARNINGS. See online help for details.
C:\Program Files (x86)\Windows Kits\10\Include\10.0.18362.0\ucrt\string.h(133): message : см. объявление "strcpy"
E:\freeTime\Program\familyC\justC\C_Хафизова\laboratory-works\Лаба№14\Vurdalack\Vurdalack\Source.cpp(105,1): error C4996: 'strcpy': This function or variable may be unsafe. Consider using strcpy_s instead. To disable deprecation, use _CRT_SECURE_NO_WARNINGS. See online help for details.
C:\Program Files (x86)\Windows Kits\10\Include\10.0.18362.0\ucrt\string.h(133): message : см. объявление "strcpy"
E:\freeTime\Program\familyC\justC\C_Хафизова\laboratory-works\Лаба№14\Vurdalack\Vurdalack\Source.cpp(173,1): error C4996: 'strcpy': This function or variable may be unsafe. Consider using strcpy_s instead. To disable deprecation, use _CRT_SECURE_NO_WARNINGS. See online help for details.
C:\Program Files (x86)\Windows Kits\10\Include\10.0.18362.0\ucrt\string.h(133): message : см. объявление "strcpy"
E:\freeTime\Program\familyC\justC\C_Хафизова\laboratory-works\Лаба№14\Vurdalack\Vurdalack\Source.cpp(174,1): error C4996: 'strcpy': This function or variable may be unsafe. Consider using strcpy_s instead. To disable deprecation, use _CRT_SECURE_NO_WARNINGS. See online help for details.
C:\Program Files (x86)\Windows Kits\10\Include\10.0.18362.0\ucrt\string.h(133): message : см. объявление "strcpy"
E:\freeTime\Program\familyC\justC\C_Хафизова\laboratory-works\Лаба№14\Vurdalack\Vurdalack\Source.cpp(175,1): error C4996: 'strcpy': This function or variable may be unsafe. Consider using strcpy_s instead. To disable deprecation, use _CRT_SECURE_NO_WARNINGS. See online help for details.
C:\Program Files (x86)\Windows Kits\10\Include\10.0.18362.0\ucrt\string.h(133): message : см. объявление "strcpy"
